<?xml version="1.0" encoding="UTF-8"?>
<testsuite name="edu.bsu.cs.model.RevisionTest" tests="1" skipped="0" failures="0" errors="0" timestamp="2021-04-26T19:52:37" hostname="aprils-iphone.dhcp.bsu.edu" time="0.013">
  <properties/>
  <testcase name="testEquals()" classname="edu.bsu.cs.model.RevisionTest" time="0.013"/>
  <system-out><![CDATA[]]></system-out>
  <system-err><![CDATA[]]></system-err>
</testsuite>
